C:\Microsemi\Libero_SoC_v12.5\SynplifyPro\bin64\c_hdl.exe  -osyn  C:\Libero\Projects\board_deploy\board_deploy\synthesis\synwork\board_deploy_comp.srs  -top  board_deploy  -hdllog  C:\Libero\Projects\board_deploy\board_deploy\synthesis\synlog\board_deploy_compiler.srr  -encrypt  -mp  4  -verification_mode 0  -verilog  -prodtype  synplify_pro   -infer_seqShift -primux -dspmac -pqdpadd -fixsmult -sdff_counter -divnmod -nram   -I C:\Libero\Projects\board_deploy\board_deploy\synthesis\  -I C:\Microsemi\Libero_SoC_v12.5\SynplifyPro\lib   -sysv  -devicelib  C:\Microsemi\Libero_SoC_v12.5\SynplifyPro\lib\generic\smartfusion2.v  -encrypt  -pro  -dmgen  C:\Libero\Projects\board_deploy\board_deploy\synthesis\dm  -ui -fid2 -ram -sharing on -ll 2000 -autosm  -lib work C:\Libero\Projects\board_deploy\board_deploy\hdl\Add_Counter.v -lib work C:\Libero\Projects\board_deploy\board_deploy\component\work\FCCC_C0\FCCC_C0_0\FCCC_C0_FCCC_C0_0_FCCC.v -lib work C:\Libero\Projects\board_deploy\board_deploy\component\work\FCCC_C0\FCCC_C0.v -lib work C:\Libero\Projects\board_deploy\board_deploy\component\work\FCCC_C1\FCCC_C1_0\FCCC_C1_FCCC_C1_0_FCCC.v -lib work C:\Libero\Projects\board_deploy\board_deploy\component\work\FCCC_C1\FCCC_C1.v -lib work C:\Libero\Projects\board_deploy\board_deploy\hdl\Gate_Set.v -lib work C:\Libero\Projects\board_deploy\board_deploy\component\Actel\SgCore\OSC\2.0.101\osc_comps.v -lib work C:\Libero\Projects\board_deploy\board_deploy\component\work\OSC_C0\OSC_C0_0\OSC_C0_OSC_C0_0_OSC.v -lib work C:\Libero\Projects\board_deploy\board_deploy\component\work\OSC_C0\OSC_C0.v -lib work C:\Libero\Projects\board_deploy\board_deploy\hdl\Recip_Freq_Counter.v -lib work C:\Libero\Projects\board_deploy\board_deploy\hdl\SPI_slave.v -lib work C:\Libero\Projects\board_deploy\board_deploy\component\work\board_deploy_MSS\board_deploy_MSS_syn.v -lib work C:\Libero\Projects\board_deploy\board_deploy\component\work\board_deploy_MSS\board_deploy_MSS.v -lib work C:\Libero\Projects\board_deploy\board_deploy\hdl\fine_counter.v -lib work C:\Libero\Projects\board_deploy\board_deploy\component\work\board_deploy\board_deploy.v  -jobname  "compiler" 
relcom:..\..\..\..\..\..\Microsemi\Libero_SoC_v12.5\SynplifyPro\bin64\c_hdl.exe -osyn ..\synwork\board_deploy_comp.srs -top board_deploy -hdllog ..\synlog\board_deploy_compiler.srr -encrypt -mp 4 -verification_mode 0 -verilog -prodtype synplify_pro -infer_seqShift -primux -dspmac -pqdpadd -fixsmult -sdff_counter -divnmod -nram -I ..\ -I ..\..\..\..\..\..\Microsemi\Libero_SoC_v12.5\SynplifyPro\lib -sysv -devicelib ..\..\..\..\..\..\Microsemi\Libero_SoC_v12.5\SynplifyPro\lib\generic\smartfusion2.v -encrypt -pro -dmgen ..\dm -ui -fid2 -ram -sharing on -ll 2000 -autosm -lib work ..\..\hdl\Add_Counter.v -lib work ..\..\component\work\FCCC_C0\FCCC_C0_0\FCCC_C0_FCCC_C0_0_FCCC.v -lib work ..\..\component\work\FCCC_C0\FCCC_C0.v -lib work ..\..\component\work\FCCC_C1\FCCC_C1_0\FCCC_C1_FCCC_C1_0_FCCC.v -lib work ..\..\component\work\FCCC_C1\FCCC_C1.v -lib work ..\..\hdl\Gate_Set.v -lib work ..\..\component\Actel\SgCore\OSC\2.0.101\osc_comps.v -lib work ..\..\component\work\OSC_C0\OSC_C0_0\OSC_C0_OSC_C0_0_OSC.v -lib work ..\..\component\work\OSC_C0\OSC_C0.v -lib work ..\..\hdl\Recip_Freq_Counter.v -lib work ..\..\hdl\SPI_slave.v -lib work ..\..\component\work\board_deploy_MSS\board_deploy_MSS_syn.v -lib work ..\..\component\work\board_deploy_MSS\board_deploy_MSS.v -lib work ..\..\hdl\fine_counter.v -lib work ..\..\component\work\board_deploy\board_deploy.v -jobname "compiler"
rc:0 success:1 runtime:3
file:..\synwork\board_deploy_comp.srs|io:o|time:1620533949|size:62365|exec:0|csum:
file:..\synlog\board_deploy_compiler.srr|io:o|time:1620533950|size:27718|exec:0|csum:
file:..\..\..\..\..\..\Microsemi\Libero_SoC_v12.5\SynplifyPro\lib\generic\smartfusion2.v|io:i|time:1592743047|size:16417|exec:0|csum:F0ABD26EB97073243CF73065BE40E390
file:..\..\hdl\Add_Counter.v|io:i|time:1620532802|size:820|exec:0|csum:1D85D8DF1C489264264CE5BAEF5229AD
file:..\..\component\work\FCCC_C0\FCCC_C0_0\FCCC_C0_FCCC_C0_0_FCCC.v|io:i|time:1620530418|size:1696|exec:0|csum:7442B3AB937310588B0CD6D189D2612E
file:..\..\component\work\FCCC_C0\FCCC_C0.v|io:i|time:1620530418|size:2200|exec:0|csum:CD7EB6BC254009BFC22B91D92957AA11
file:..\..\component\work\FCCC_C1\FCCC_C1_0\FCCC_C1_FCCC_C1_0_FCCC.v|io:i|time:1620530383|size:1957|exec:0|csum:35B0ED2EC6EC319E6927E62F57BD834B
file:..\..\component\work\FCCC_C1\FCCC_C1.v|io:i|time:1620530383|size:2665|exec:0|csum:2097D84E930A9C98E971217B5E325DD3
file:..\..\hdl\Gate_Set.v|io:i|time:1620255823|size:634|exec:0|csum:5E374AD7A58D7921822197B8346EFE91
file:..\..\component\Actel\SgCore\OSC\2.0.101\osc_comps.v|io:i|time:1607650745|size:924|exec:0|csum:96EB0FE10D5CD792BE1E4F31403C1EFA
file:..\..\component\work\OSC_C0\OSC_C0_0\OSC_C0_OSC_C0_0_OSC.v|io:i|time:1619376244|size:744|exec:0|csum:46E722859DF1781453E5938DD691833C
file:..\..\component\work\OSC_C0\OSC_C0.v|io:i|time:1619376244|size:1769|exec:0|csum:879A8B17539FB2939F9A8819457E4544
file:..\..\hdl\Recip_Freq_Counter.v|io:i|time:1620531263|size:689|exec:0|csum:4C94CC97EA9A2E8FB8A3233E46C1C576
file:..\..\hdl\SPI_slave.v|io:i|time:1612041888|size:1269|exec:0|csum:B07FD07D06D8A8520AFFF43D03985B8C
file:..\..\component\work\board_deploy_MSS\board_deploy_MSS_syn.v|io:i|time:1620533940|size:50979|exec:0|csum:BC2973087970885F455AFE25911B048C
file:..\..\component\work\board_deploy_MSS\board_deploy_MSS.v|io:i|time:1620533940|size:46769|exec:0|csum:E4937A87E43F65C5D591AAB15BFE2292
file:..\..\hdl\fine_counter.v|io:i|time:1620531605|size:2338|exec:0|csum:16EE9EED5F9DE744542AE7B839B5C025
file:..\..\component\work\board_deploy\board_deploy.v|io:i|time:1620531640|size:7089|exec:0|csum:D318F2C25E868D01A914EE353540589E
file:..\..\..\..\..\..\Microsemi\Libero_SoC_v12.5\SynplifyPro\bin64\c_hdl.exe|io:i|time:1592742878|size:5736448|exec:1|csum:480FDEB4E9D3B5BD3A4634921753625C
